DEBUG:root:Received request: b'1 + 3'
DEBUG:root:Received request: b'sup'
DEBUG:root:Received request: b'sdf'
DEBUG:root:Received request: b'sup'
DEBUG:root:Received request: b'sup'
DEBUG:root:Received request: b'asd'
DEBUG:root:Received request: b'asdasd'
DEBUG:root:Received request: b'9 + 10'
DEBUG:root:Received request: b'foo'
DEBUG:root:Received request: b'foo'
DEBUG:root:Received request: b'dasd'
DEBUG:root:Received request: b'foobar'
DEBUG:root:Received request: b'foo'
DEBUG:root:Received request: b'asdf'
DEBUG:root:Received request: b'doo'
DEBUG:root:Received request: b'blahsd'
DEBUG:root:Received request: b'foola'
DEBUG:root:Received request: b'foola'
DEBUG:root:Received request: b'foobar'
DEBUG:root:Received request: b'foobar'
DEBUG:root:Received request: b'foo'
